Using pre-set license
Built from '2020.2/release' branch; Version is '2020.2.4f1 (becced5a802b) revision 12504301'; Using compiler version '192528614'; Build Type 'Release'
OS: 'Windows 10 Home; OS build 19042.804; Version 2009; 64bit' Language: 'ru' Physical Memory: 8092 MB
BatchMode: 1, IsHumanControllingUs: 0, StartBugReporterOnCrash: 0, Is64bit: 1, IsPro: 0

 COMMAND LINE ARGUMENTS:
C:\Program Files\Unity\Hub\Editor\2020.2.4f1\Editor\Unity.exe
-adb2
-batchMode
-noUpm
-name
AssetImportWorker6
-projectPath
D:/Unity Projects/Project A
-logFile
Logs/AssetImportWorker6.log
-srvPort
59710
Successfully changed project path to: D:/Unity Projects/Project A
D:/Unity Projects/Project A
Using Asset Import Pipeline V2.
Refreshing native plugins compatible for Editor in 821.34 ms, found 1 plugins.
Preloading 0 native plugins for Editor in 0.00 ms.
Initialize engine version: 2020.2.4f1 (becced5a802b)
[Subsystems] Discovering subsystems at path C:/Program Files/Unity/Hub/Editor/2020.2.4f1/Editor/Data/Resources/UnitySubsystems
[Subsystems] Discovering subsystems at path D:/Unity Projects/Project A/Assets
GfxDevice: creating device client; threaded=0
Direct3D:
    Version:  Direct3D 11.0 [level 11.0]
    Renderer: Intel(R) HD Graphics (ID=0x156)
    Vendor:   
    VRAM:     128 MB
    Driver:   10.18.10.4252
Initialize mono
Mono path[0] = 'C:/Program Files/Unity/Hub/Editor/2020.2.4f1/Editor/Data/Managed'
Mono path[1] = 'C:/Program Files/Unity/Hub/Editor/2020.2.4f1/Editor/Data/MonoBleedingEdge/lib/mono/unityjit'
Mono config path = 'C:/Program Files/Unity/Hub/Editor/2020.2.4f1/Editor/Data/MonoBleedingEdge/etc'
Using monoOptions --debugger-agent=transport=dt_socket,embedding=1,server=y,suspend=n,address=127.0.0.1:56244
Begin MonoManager ReloadAssembly
Registering precompiled unity dll's ...
Register platform support module: C:/Program Files/Unity/Hub/Editor/2020.2.4f1/Editor/Data/PlaybackEngines/WindowsStandaloneSupport/UnityEditor.WindowsStandalone.Extensions.dll
Registered in 0.005065 seconds.
Native extension for WindowsStandalone target not found
Refreshing native plugins compatible for Editor in 98.16 ms, found 1 plugins.
Preloading 0 native plugins for Editor in 0.00 ms.
Invoked RoslynAnalysisRunner static constructor.
RoslynAnalysisRunner will not be running.
RoslynAnalysisRunner has terminated.
Mono: successfully reloaded assembly
- Completed reload, in  6.836 seconds
Platform modules already initialized, skipping
Registering precompiled user dll's ...
Registered in 0.001331 seconds.
Begin MonoManager ReloadAssembly
Native extension for WindowsStandalone target not found
Refreshing native plugins compatible for Editor in 91.88 ms, found 1 plugins.
Preloading 0 native plugins for Editor in 0.00 ms.
Invoked RoslynAnalysisRunner static constructor.
RoslynAnalysisRunner will not be running.
RoslynAnalysisRunner has terminated.
Mono: successfully reloaded assembly
- Completed reload, in  2.866 seconds
Platform modules already initialized, skipping
========================================================================
Worker process is ready to serve import requests
Launched and connected shader compiler UnityShaderCompiler.exe after 0.12 seconds
Refreshing native plugins compatible for Editor in 0.53 ms, found 1 plugins.
Preloading 0 native plugins for Editor in 0.00 ms.
Unloading 1799 Unused Serialized files (Serialized files now loaded: 0)
System memory in use before: 84.6 MB.
System memory in use after: 84.5 MB.

Unloading 24 unused Assets to reduce memory usage. Loaded Objects now: 2241.
Total: 5.066700 ms (FindLiveObjects: 0.251300 ms CreateObjectMapping: 0.150700 ms MarkObjects: 4.448000 ms  DeleteObjects: 0.213700 ms)

========================================================================
Received Import Request.
  path: Assets/Scenes/MainMenu.unity
  artifactKey: Guid(2cda990e2423bbf4892e6590ba056729) Importer(815301076,1909f56bfc062723c751e8b465ee728b)
Start importing Assets/Scenes/MainMenu.unity using Guid(2cda990e2423bbf4892e6590ba056729) Importer(815301076,1909f56bfc062723c751e8b465ee728b)  -> (artifact id: 'f9dad3e6b7b63208dab84a53440159e3') in 0.043961 seconds
  Import took 0.049676 seconds .

========================================================================
Received Import Request.
  Time since last request: 456.454987 seconds.
  path: Assets/Sprites/Textures/AstPref1.png
  artifactKey: Guid(8328f97d995bcdd49adef41f9d8e9c7a) Importer(815301076,1909f56bfc062723c751e8b465ee728b)
Start importing Assets/Sprites/Textures/AstPref1.png using Guid(8328f97d995bcdd49adef41f9d8e9c7a) Importer(815301076,1909f56bfc062723c751e8b465ee728b)  -> (artifact id: 'f6f7e7f28432dd6ff3f2626c6bde6f47') in 0.687506 seconds
  Import took 0.695112 seconds .

========================================================================
Received Import Request.
  Time since last request: 63.040420 seconds.
  path: Assets/Prefabs/AstPref1.prefab
  artifactKey: Guid(f02ce5ccd80d4794dad960ea8b366b5d) Importer(815301076,1909f56bfc062723c751e8b465ee728b)
Start importing Assets/Prefabs/AstPref1.prefab using Guid(f02ce5ccd80d4794dad960ea8b366b5d) Importer(815301076,1909f56bfc062723c751e8b465ee728b)  -> (artifact id: '7c6e4911fc0f44cbecea2dc79a129275') in 0.463148 seconds
  Import took 0.471516 seconds .

========================================================================
Received Import Request.
  Time since last request: 20.566352 seconds.
  path: Assets/Prefabs/AstPref1.prefab
  artifactKey: Guid(f02ce5ccd80d4794dad960ea8b366b5d) Importer(815301076,1909f56bfc062723c751e8b465ee728b)
Start importing Assets/Prefabs/AstPref1.prefab using Guid(f02ce5ccd80d4794dad960ea8b366b5d) Importer(815301076,1909f56bfc062723c751e8b465ee728b)  -> (artifact id: 'b206d57f5a59e37b3e1979776f9763a2') in 0.161784 seconds
  Import took 0.168031 seconds .

========================================================================
Received Import Request.
  Time since last request: 19.062360 seconds.
  path: Assets/Animations/AsteroidsRotation.anim
  artifactKey: Guid(cc3518411926feb449d0954ccd37a8bb) Importer(815301076,1909f56bfc062723c751e8b465ee728b)
Start importing Assets/Animations/AsteroidsRotation.anim using Guid(cc3518411926feb449d0954ccd37a8bb) Importer(815301076,1909f56bfc062723c751e8b465ee728b)  -> (artifact id: '1f7ac6b08a65ed8d1ed5596f2aa4353b') in 0.029327 seconds
  Import took 0.037708 seconds .

========================================================================
Received Import Request.
  Time since last request: 0.737266 seconds.
  path: Assets/Animations/AstPref1.controller
  artifactKey: Guid(9c217a8688c904f42a09a1b57b9336cd) Importer(815301076,1909f56bfc062723c751e8b465ee728b)
Start importing Assets/Animations/AstPref1.controller using Guid(9c217a8688c904f42a09a1b57b9336cd) Importer(815301076,1909f56bfc062723c751e8b465ee728b)  -> (artifact id: 'e1243b2cb44b2a5eb440e075238db136') in 0.027252 seconds
  Import took 0.036522 seconds .

========================================================================
Received Import Request.
  Time since last request: 2.840410 seconds.
  path: Assets/Animations/AstPref2.controller
  artifactKey: Guid(b61f1dd8d99efb1478009e503171b15b) Importer(815301076,1909f56bfc062723c751e8b465ee728b)
Start importing Assets/Animations/AstPref2.controller using Guid(b61f1dd8d99efb1478009e503171b15b) Importer(815301076,1909f56bfc062723c751e8b465ee728b)  -> (artifact id: '0bc9238d9a765dc6ecbda2a7318287c1') in 0.027015 seconds
  Import took 0.034865 seconds .

========================================================================
Received Import Request.
  Time since last request: 1.493554 seconds.
  path: Assets/Animations/AstPref3.controller
  artifactKey: Guid(0a2a2b580792de244a1479db354d6870) Importer(815301076,1909f56bfc062723c751e8b465ee728b)
Start importing Assets/Animations/AstPref3.controller using Guid(0a2a2b580792de244a1479db354d6870) Importer(815301076,1909f56bfc062723c751e8b465ee728b)  -> (artifact id: 'e6fbc9960596cca6857493f1439b4e32') in 0.034437 seconds
  Import took 0.040548 seconds .

========================================================================
Received Import Request.
  Time since last request: 1.270661 seconds.
  path: Assets/Animations/AstPref4.controller
  artifactKey: Guid(5c432d3681a961c4aa13f688db964cfa) Importer(815301076,1909f56bfc062723c751e8b465ee728b)
Start importing Assets/Animations/AstPref4.controller using Guid(5c432d3681a961c4aa13f688db964cfa) Importer(815301076,1909f56bfc062723c751e8b465ee728b)  -> (artifact id: '65444515990271c1c93226062911d123') in 0.029273 seconds
  Import took 0.036541 seconds .

========================================================================
Received Import Request.
  Time since last request: 10.119804 seconds.
  path: Assets/Animations/Sprite.controller
  artifactKey: Guid(78bf9c30d4bdb7b4895432dabd4ee4fc) Importer(815301076,1909f56bfc062723c751e8b465ee728b)
Start importing Assets/Animations/Sprite.controller using Guid(78bf9c30d4bdb7b4895432dabd4ee4fc) Importer(815301076,1909f56bfc062723c751e8b465ee728b)  -> (artifact id: '808e4c516536ba25685d238d0272e867') in 0.038348 seconds
  Import took 0.042951 seconds .

========================================================================
Received Import Request.
  Time since last request: 49.150298 seconds.
  path: Assets/Animations/AstPref1Texture.controller
  artifactKey: Guid(48b382be5eb2c874999aaec351297813) Importer(815301076,1909f56bfc062723c751e8b465ee728b)
Start importing Assets/Animations/AstPref1Texture.controller using Guid(48b382be5eb2c874999aaec351297813) Importer(815301076,1909f56bfc062723c751e8b465ee728b)  -> (artifact id: 'ffe94eff0fdae055e378a3c6cff7de94') in 0.031130 seconds
  Import took 0.038457 seconds .

========================================================================
Received Import Request.
  Time since last request: 18.422216 seconds.
  path: Assets/Prefabs/AstPref1.prefab
  artifactKey: Guid(f02ce5ccd80d4794dad960ea8b366b5d) Importer(815301076,1909f56bfc062723c751e8b465ee728b)
Start importing Assets/Prefabs/AstPref1.prefab using Guid(f02ce5ccd80d4794dad960ea8b366b5d) Importer(815301076,1909f56bfc062723c751e8b465ee728b) The Animator Controller (AstPref1Texture) you have used is not valid. Animations will not play
UnityEngine.StackTraceUtility:ExtractStackTrace ()
UnityEditor.EditorUtility:Internal_InstantiateRemoveAllNonAnimationComponentsSingle (UnityEngine.Object,UnityEngine.Vector3,UnityEngine.Quaternion)
UnityEditor.EditorUtility:InstantiateRemoveAllNonAnimationComponents (UnityEngine.Object,UnityEngine.Vector3,UnityEngine.Quaternion)
UnityEditor.EditorUtility:InstantiateForAnimatorPreview (UnityEngine.Object)
UnityEditor.GameObjectInspector/PreviewData:UpdateGameObject (UnityEngine.Object)
UnityEditor.GameObjectInspector/PreviewData:.ctor (UnityEngine.Object)
UnityEditor.GameObjectInspector:GetPreviewData ()
UnityEditor.GameObjectInspector:RenderStaticPreview (string,UnityEngine.Object[],int,int)
UnityEditor.AssetPreviewUpdater:CreatePreviewForAsset (UnityEngine.Object,UnityEngine.Object[],string)

[C:\buildslave\unity\build\Modules/Animation/Director/AnimatorControllerPlayable.cpp line 332]

The Animator Controller (AstPref1Texture) you have used is not valid. Animations will not play
UnityEngine.StackTraceUtility:ExtractStackTrace ()
UnityEditor.EditorUtility:InitInstantiatedPreviewRecursive (UnityEngine.GameObject)
UnityEditor.EditorUtility:InstantiateForAnimatorPreview (UnityEngine.Object)
UnityEditor.GameObjectInspector/PreviewData:UpdateGameObject (UnityEngine.Object)
UnityEditor.GameObjectInspector/PreviewData:.ctor (UnityEngine.Object)
UnityEditor.GameObjectInspector:GetPreviewData ()
UnityEditor.GameObjectInspector:RenderStaticPreview (string,UnityEngine.Object[],int,int)
UnityEditor.AssetPreviewUpdater:CreatePreviewForAsset (UnityEngine.Object,UnityEngine.Object[],string)

[C:\buildslave\unity\build\Modules/Animation/Director/AnimatorControllerPlayable.cpp line 332]

 -> (artifact id: '17f67be3e1c61ecc973b08d1bc5ee0d8') in 0.171874 seconds
  Import took 0.177847 seconds .

========================================================================
Received Import Request.
  Time since last request: 54.147255 seconds.
  path: Assets/Prefabs/AstPref2 1.prefab
  artifactKey: Guid(fc1e91211ca04614294ea4ebbeb5a1a4) Importer(815301076,1909f56bfc062723c751e8b465ee728b)
Start importing Assets/Prefabs/AstPref2 1.prefab using Guid(fc1e91211ca04614294ea4ebbeb5a1a4) Importer(815301076,1909f56bfc062723c751e8b465ee728b)  -> (artifact id: '183cbe5b90ac6dda2d96f404d94b0d55') in 0.128116 seconds
  Import took 0.135980 seconds .

========================================================================
Received Import Request.
  Time since last request: 12.200094 seconds.
  path: Assets/Prefabs/AstPref2 Variant.prefab
  artifactKey: Guid(5cd9db8862b3ae54d86a48e934cc0174) Importer(815301076,1909f56bfc062723c751e8b465ee728b)
Start importing Assets/Prefabs/AstPref2 Variant.prefab using Guid(5cd9db8862b3ae54d86a48e934cc0174) Importer(815301076,1909f56bfc062723c751e8b465ee728b)  -> (artifact id: '563cc987ddb496c472db159886ef7098') in 0.098449 seconds
  Import took 0.105839 seconds .

========================================================================
Received Import Request.
  Time since last request: 9.548580 seconds.
  path: Assets/Prefabs/AstPref2.prefab
  artifactKey: Guid(717eae92129ae7a4f8857b5f51f9ba99) Importer(815301076,1909f56bfc062723c751e8b465ee728b)
Start importing Assets/Prefabs/AstPref2.prefab using Guid(717eae92129ae7a4f8857b5f51f9ba99) Importer(815301076,1909f56bfc062723c751e8b465ee728b)  -> (artifact id: 'da148d09b98960212726a4b105c50239') in 0.092759 seconds
  Import took 0.100391 seconds .

========================================================================
Received Import Request.
  Time since last request: 36.308252 seconds.
  path: Assets/Prefabs/AstPref3.prefab
  artifactKey: Guid(3530be481c191ac4fac6779d2fdd990f) Importer(815301076,1909f56bfc062723c751e8b465ee728b)
Start importing Assets/Prefabs/AstPref3.prefab using Guid(3530be481c191ac4fac6779d2fdd990f) Importer(815301076,1909f56bfc062723c751e8b465ee728b) The Animator Controller (AstPref3Texture) you have used is not valid. Animations will not play
UnityEngine.StackTraceUtility:ExtractStackTrace ()
UnityEditor.EditorUtility:Internal_InstantiateRemoveAllNonAnimationComponentsSingle (UnityEngine.Object,UnityEngine.Vector3,UnityEngine.Quaternion)
UnityEditor.EditorUtility:InstantiateRemoveAllNonAnimationComponents (UnityEngine.Object,UnityEngine.Vector3,UnityEngine.Quaternion)
UnityEditor.EditorUtility:InstantiateForAnimatorPreview (UnityEngine.Object)
UnityEditor.GameObjectInspector/PreviewData:UpdateGameObject (UnityEngine.Object)
UnityEditor.GameObjectInspector/PreviewData:.ctor (UnityEngine.Object)
UnityEditor.GameObjectInspector:GetPreviewData ()
UnityEditor.GameObjectInspector:RenderStaticPreview (string,UnityEngine.Object[],int,int)
UnityEditor.AssetPreviewUpdater:CreatePreviewForAsset (UnityEngine.Object,UnityEngine.Object[],string)

[C:\buildslave\unity\build\Modules/Animation/Director/AnimatorControllerPlayable.cpp line 332]

The Animator Controller (AstPref3Texture) you have used is not valid. Animations will not play
UnityEngine.StackTraceUtility:ExtractStackTrace ()
UnityEditor.EditorUtility:InitInstantiatedPreviewRecursive (UnityEngine.GameObject)
UnityEditor.EditorUtility:InstantiateForAnimatorPreview (UnityEngine.Object)
UnityEditor.GameObjectInspector/PreviewData:UpdateGameObject (UnityEngine.Object)
UnityEditor.GameObjectInspector/PreviewData:.ctor (UnityEngine.Object)
UnityEditor.GameObjectInspector:GetPreviewData ()
UnityEditor.GameObjectInspector:RenderStaticPreview (string,UnityEngine.Object[],int,int)
UnityEditor.AssetPreviewUpdater:CreatePreviewForAsset (UnityEngine.Object,UnityEngine.Object[],string)

[C:\buildslave\unity\build\Modules/Animation/Director/AnimatorControllerPlayable.cpp line 332]

 -> (artifact id: 'a0fa38883ea7e2459e10d72e8f3e80db') in 0.088121 seconds
  Import took 0.097671 seconds .

========================================================================
Received Import Request.
  Time since last request: 35.337239 seconds.
  path: Assets/Prefabs/AstPref4.prefab
  artifactKey: Guid(5378cf4c9aed5da4b834a7a65a7d49f2) Importer(815301076,1909f56bfc062723c751e8b465ee728b)
Start importing Assets/Prefabs/AstPref4.prefab using Guid(5378cf4c9aed5da4b834a7a65a7d49f2) Importer(815301076,1909f56bfc062723c751e8b465ee728b) The Animator Controller (AstPref4Texture) you have used is not valid. Animations will not play
UnityEngine.StackTraceUtility:ExtractStackTrace ()
UnityEditor.EditorUtility:Internal_InstantiateRemoveAllNonAnimationComponentsSingle (UnityEngine.Object,UnityEngine.Vector3,UnityEngine.Quaternion)
UnityEditor.EditorUtility:InstantiateRemoveAllNonAnimationComponents (UnityEngine.Object,UnityEngine.Vector3,UnityEngine.Quaternion)
UnityEditor.EditorUtility:InstantiateForAnimatorPreview (UnityEngine.Object)
UnityEditor.GameObjectInspector/PreviewData:UpdateGameObject (UnityEngine.Object)
UnityEditor.GameObjectInspector/PreviewData:.ctor (UnityEngine.Object)
UnityEditor.GameObjectInspector:GetPreviewData ()
UnityEditor.GameObjectInspector:RenderStaticPreview (string,UnityEngine.Object[],int,int)
UnityEditor.AssetPreviewUpdater:CreatePreviewForAsset (UnityEngine.Object,UnityEngine.Object[],string)

[C:\buildslave\unity\build\Modules/Animation/Director/AnimatorControllerPlayable.cpp line 332]

The Animator Controller (AstPref4Texture) you have used is not valid. Animations will not play
UnityEngine.StackTraceUtility:ExtractStackTrace ()
UnityEditor.EditorUtility:InitInstantiatedPreviewRecursive (UnityEngine.GameObject)
UnityEditor.EditorUtility:InstantiateForAnimatorPreview (UnityEngine.Object)
UnityEditor.GameObjectInspector/PreviewData:UpdateGameObject (UnityEngine.Object)
UnityEditor.GameObjectInspector/PreviewData:.ctor (UnityEngine.Object)
UnityEditor.GameObjectInspector:GetPreviewData ()
UnityEditor.GameObjectInspector:RenderStaticPreview (string,UnityEngine.Object[],int,int)
UnityEditor.AssetPreviewUpdater:CreatePreviewForAsset (UnityEngine.Object,UnityEngine.Object[],string)

[C:\buildslave\unity\build\Modules/Animation/Director/AnimatorControllerPlayable.cpp line 332]

 -> (artifact id: 'ba54d96b0b68c647aa0aa017ec752b72') in 0.061435 seconds
  Import took 0.071458 seconds .

========================================================================
Received Import Request.
  Time since last request: 0.006817 seconds.
  path: Assets/Prefabs/AstPref4.prefab
  artifactKey: Guid(5378cf4c9aed5da4b834a7a65a7d49f2) Importer(815301076,1909f56bfc062723c751e8b465ee728b)
Start importing Assets/Prefabs/AstPref4.prefab using Guid(5378cf4c9aed5da4b834a7a65a7d49f2) Importer(815301076,1909f56bfc062723c751e8b465ee728b) The Animator Controller (AstPref4Texture) you have used is not valid. Animations will not play
UnityEngine.StackTraceUtility:ExtractStackTrace ()
UnityEditor.EditorUtility:Internal_InstantiateRemoveAllNonAnimationComponentsSingle (UnityEngine.Object,UnityEngine.Vector3,UnityEngine.Quaternion)
UnityEditor.EditorUtility:InstantiateRemoveAllNonAnimationComponents (UnityEngine.Object,UnityEngine.Vector3,UnityEngine.Quaternion)
UnityEditor.EditorUtility:InstantiateForAnimatorPreview (UnityEngine.Object)
UnityEditor.GameObjectInspector/PreviewData:UpdateGameObject (UnityEngine.Object)
UnityEditor.GameObjectInspector/PreviewData:.ctor (UnityEngine.Object)
UnityEditor.GameObjectInspector:GetPreviewData ()
UnityEditor.GameObjectInspector:RenderStaticPreview (string,UnityEngine.Object[],int,int)
UnityEditor.AssetPreviewUpdater:CreatePreviewForAsset (UnityEngine.Object,UnityEngine.Object[],string)

[C:\buildslave\unity\build\Modules/Animation/Director/AnimatorControllerPlayable.cpp line 332]

The Animator Controller (AstPref4Texture) you have used is not valid. Animations will not play
UnityEngine.StackTraceUtility:ExtractStackTrace ()
UnityEditor.EditorUtility:InitInstantiatedPreviewRecursive (UnityEngine.GameObject)
UnityEditor.EditorUtility:InstantiateForAnimatorPreview (UnityEngine.Object)
UnityEditor.GameObjectInspector/PreviewData:UpdateGameObject (UnityEngine.Object)
UnityEditor.GameObjectInspector/PreviewData:.ctor (UnityEngine.Object)
UnityEditor.GameObjectInspector:GetPreviewData ()
UnityEditor.GameObjectInspector:RenderStaticPreview (string,UnityEngine.Object[],int,int)
UnityEditor.AssetPreviewUpdater:CreatePreviewForAsset (UnityEngine.Object,UnityEngine.Object[],string)

[C:\buildslave\unity\build\Modules/Animation/Director/AnimatorControllerPlayable.cpp line 332]

 -> (artifact id: 'ba54d96b0b68c647aa0aa017ec752b72') in 0.073480 seconds
  Import took 0.086031 seconds .

========================================================================
Received Import Request.
  Time since last request: 62.442866 seconds.
  path: Assets/Prefabs/AstSharpPref1.prefab
  artifactKey: Guid(b77f1e570d1ceb242babceb7eb84804a) Importer(815301076,1909f56bfc062723c751e8b465ee728b)
Start importing Assets/Prefabs/AstSharpPref1.prefab using Guid(b77f1e570d1ceb242babceb7eb84804a) Importer(815301076,1909f56bfc062723c751e8b465ee728b)  -> (artifact id: '6adb5bb4f243c282544b940d29198c13') in 0.110196 seconds
  Import took 0.119624 seconds .

========================================================================
Received Prepare
Registering precompiled user dll's ...
Registered in 0.001688 seconds.
Begin MonoManager ReloadAssembly
Native extension for WindowsStandalone target not found
Refreshing native plugins compatible for Editor in 0.70 ms, found 1 plugins.
Preloading 0 native plugins for Editor in 0.00 ms.
Invoked RoslynAnalysisRunner static constructor.
RoslynAnalysisRunner will not be running.
RoslynAnalysisRunner has terminated.
Mono: successfully reloaded assembly
- Completed reload, in  2.359 seconds
Platform modules already initialized, skipping
Switching build target platform(5) subTarget(0) extendedPlatform(0) -> platform(13) subTarget(537395200) extendedPlatform(0)
Refreshing native plugins compatible for Editor in 0.71 ms, found 1 plugins.
Preloading 0 native plugins for Editor in 0.00 ms.
Unloading 1797 Unused Serialized files (Serialized files now loaded: 0)
System memory in use before: 87.9 MB.
System memory in use after: 87.9 MB.

Unloading 12 unused Assets to reduce memory usage. Loaded Objects now: 2254.
Total: 3.872800 ms (FindLiveObjects: 0.330700 ms CreateObjectMapping: 0.167900 ms MarkObjects: 3.092500 ms  DeleteObjects: 0.279300 ms)

AssetImportParameters requested are different than current active one (requested -> active):
  custom:graphics/normal-map-encoding: 01000000000000000000000000000000 -> 02000000000000000000000000000000
========================================================================
Received Prepare
Registering precompiled user dll's ...
Registered in 0.001266 seconds.
Begin MonoManager ReloadAssembly
Native extension for WindowsStandalone target not found
Refreshing native plugins compatible for Editor in 0.50 ms, found 1 plugins.
Preloading 0 native plugins for Editor in 0.00 ms.
Invoked RoslynAnalysisRunner static constructor.
RoslynAnalysisRunner will not be running.
RoslynAnalysisRunner has terminated.
Mono: successfully reloaded assembly
- Completed reload, in  4.754 seconds
Platform modules already initialized, skipping
Switching build target platform(5) subTarget(0) extendedPlatform(0) -> platform(13) subTarget(537395200) extendedPlatform(0)
Refreshing native plugins compatible for Editor in 0.50 ms, found 1 plugins.
Preloading 0 native plugins for Editor in 0.00 ms.
Unloading 1797 Unused Serialized files (Serialized files now loaded: 0)
System memory in use before: 87.9 MB.
System memory in use after: 87.9 MB.

Unloading 12 unused Assets to reduce memory usage. Loaded Objects now: 2257.
Total: 3.524200 ms (FindLiveObjects: 0.237100 ms CreateObjectMapping: 0.131800 ms MarkObjects: 2.972800 ms  DeleteObjects: 0.179300 ms)

AssetImportParameters requested are different than current active one (requested -> active):
  custom:graphics/normal-map-encoding: 01000000000000000000000000000000 -> 02000000000000000000000000000000
========================================================================
Received Prepare
Registering precompiled user dll's ...
Registered in 0.001288 seconds.
Begin MonoManager ReloadAssembly
Native extension for WindowsStandalone target not found
Refreshing native plugins compatible for Editor in 0.50 ms, found 1 plugins.
Preloading 0 native plugins for Editor in 0.00 ms.
Invoked RoslynAnalysisRunner static constructor.
RoslynAnalysisRunner will not be running.
RoslynAnalysisRunner has terminated.
Mono: successfully reloaded assembly
- Completed reload, in  1.828 seconds
Platform modules already initialized, skipping
Switching build target platform(5) subTarget(0) extendedPlatform(0) -> platform(13) subTarget(537395200) extendedPlatform(0)
Refreshing native plugins compatible for Editor in 1.17 ms, found 1 plugins.
Preloading 0 native plugins for Editor in 0.00 ms.
Unloading 1797 Unused Serialized files (Serialized files now loaded: 0)
System memory in use before: 87.9 MB.
System memory in use after: 87.9 MB.

Unloading 12 unused Assets to reduce memory usage. Loaded Objects now: 2260.
Total: 3.100300 ms (FindLiveObjects: 0.305200 ms CreateObjectMapping: 0.122500 ms MarkObjects: 2.501400 ms  DeleteObjects: 0.168600 ms)

AssetImportParameters requested are different than current active one (requested -> active):
  custom:graphics/normal-map-encoding: 01000000000000000000000000000000 -> 02000000000000000000000000000000
========================================================================
Received Import Request.
  Time since last request: 207.262510 seconds.
  path: Assets/Prefabs/AstSharpPref1.prefab
  artifactKey: Guid(b77f1e570d1ceb242babceb7eb84804a) Importer(815301076,1909f56bfc062723c751e8b465ee728b)
Start importing Assets/Prefabs/AstSharpPref1.prefab using Guid(b77f1e570d1ceb242babceb7eb84804a) Importer(815301076,1909f56bfc062723c751e8b465ee728b)  -> (artifact id: '8a833a8245ce667b35f169e60be7e8da') in 0.262197 seconds
  Import took 0.268194 seconds .

========================================================================
Received Prepare
Registering precompiled user dll's ...
Registered in 0.001403 seconds.
Begin MonoManager ReloadAssembly
Native extension for WindowsStandalone target not found
Refreshing native plugins compatible for Editor in 0.85 ms, found 1 plugins.
Preloading 0 native plugins for Editor in 0.00 ms.
Invoked RoslynAnalysisRunner static constructor.
RoslynAnalysisRunner will not be running.
RoslynAnalysisRunner has terminated.
Mono: successfully reloaded assembly
- Completed reload, in  3.778 seconds
Platform modules already initialized, skipping
Switching build target platform(5) subTarget(0) extendedPlatform(0) -> platform(13) subTarget(537395200) extendedPlatform(0)
Refreshing native plugins compatible for Editor in 0.58 ms, found 1 plugins.
Preloading 0 native plugins for Editor in 0.00 ms.
Unloading 1797 Unused Serialized files (Serialized files now loaded: 0)
System memory in use before: 87.9 MB.
System memory in use after: 87.9 MB.

Unloading 12 unused Assets to reduce memory usage. Loaded Objects now: 2264.
Total: 4.878000 ms (FindLiveObjects: 0.232700 ms CreateObjectMapping: 0.128100 ms MarkObjects: 4.332400 ms  DeleteObjects: 0.180700 ms)

AssetImportParameters requested are different than current active one (requested -> active):
  custom:graphics/normal-map-encoding: 01000000000000000000000000000000 -> 02000000000000000000000000000000
========================================================================
Received Prepare
Registering precompiled user dll's ...
Registered in 0.001480 seconds.
Begin MonoManager ReloadAssembly
Native extension for WindowsStandalone target not found
Refreshing native plugins compatible for Editor in 0.60 ms, found 1 plugins.
Preloading 0 native plugins for Editor in 0.00 ms.
Invoked RoslynAnalysisRunner static constructor.
RoslynAnalysisRunner will not be running.
RoslynAnalysisRunner has terminated.
Mono: successfully reloaded assembly
- Completed reload, in  1.796 seconds
Platform modules already initialized, skipping
Switching build target platform(5) subTarget(0) extendedPlatform(0) -> platform(13) subTarget(537395200) extendedPlatform(0)
Refreshing native plugins compatible for Editor in 0.54 ms, found 1 plugins.
Preloading 0 native plugins for Editor in 0.00 ms.
Unloading 1797 Unused Serialized files (Serialized files now loaded: 0)
System memory in use before: 88.0 MB.
System memory in use after: 87.9 MB.

Unloading 12 unused Assets to reduce memory usage. Loaded Objects now: 2267.
Total: 3.453200 ms (FindLiveObjects: 0.227700 ms CreateObjectMapping: 0.116200 ms MarkObjects: 2.910100 ms  DeleteObjects: 0.196400 ms)

AssetImportParameters requested are different than current active one (requested -> active):
  custom:graphics/normal-map-encoding: 01000000000000000000000000000000 -> 02000000000000000000000000000000
========================================================================
Received Import Request.
  Time since last request: 59.025331 seconds.
  path: Assets/Prefabs/AstPref4.prefab
  artifactKey: Guid(5378cf4c9aed5da4b834a7a65a7d49f2) Importer(815301076,1909f56bfc062723c751e8b465ee728b)
Start importing Assets/Prefabs/AstPref4.prefab using Guid(5378cf4c9aed5da4b834a7a65a7d49f2) Importer(815301076,1909f56bfc062723c751e8b465ee728b)  -> (artifact id: 'c74176b4c9824b84511b863d5a067ca6') in 0.155465 seconds
  Import took 0.160582 seconds .

========================================================================
Received Import Request.
  Time since last request: 2.696881 seconds.
  path: Assets/Prefabs/AstSharpPref1.prefab
  artifactKey: Guid(b77f1e570d1ceb242babceb7eb84804a) Importer(815301076,1909f56bfc062723c751e8b465ee728b)
Start importing Assets/Prefabs/AstSharpPref1.prefab using Guid(b77f1e570d1ceb242babceb7eb84804a) Importer(815301076,1909f56bfc062723c751e8b465ee728b)  -> (artifact id: '8828cb438f091f6aa338da90381d6813') in 0.079716 seconds
  Import took 0.085537 seconds .

========================================================================
Received Import Request.
  Time since last request: 1.707314 seconds.
  path: Assets/Prefabs/AstSharpPref1.prefab
  artifactKey: Guid(b77f1e570d1ceb242babceb7eb84804a) Importer(815301076,1909f56bfc062723c751e8b465ee728b)
Start importing Assets/Prefabs/AstSharpPref1.prefab using Guid(b77f1e570d1ceb242babceb7eb84804a) Importer(815301076,1909f56bfc062723c751e8b465ee728b)  -> (artifact id: '91842e5b8e77db0dd5fa7a37ca481328') in 0.062007 seconds
  Import took 0.079423 seconds .

========================================================================
Received Prepare
Registering precompiled user dll's ...
Registered in 0.001238 seconds.
Begin MonoManager ReloadAssembly
Native extension for WindowsStandalone target not found
Refreshing native plugins compatible for Editor in 2.54 ms, found 1 plugins.
Preloading 0 native plugins for Editor in 0.00 ms.
Invoked RoslynAnalysisRunner static constructor.
RoslynAnalysisRunner will not be running.
RoslynAnalysisRunner has terminated.
Mono: successfully reloaded assembly
- Completed reload, in  3.172 seconds
Platform modules already initialized, skipping
Switching build target platform(5) subTarget(0) extendedPlatform(0) -> platform(13) subTarget(537395200) extendedPlatform(0)
Refreshing native plugins compatible for Editor in 0.53 ms, found 1 plugins.
Preloading 0 native plugins for Editor in 0.00 ms.
Unloading 1797 Unused Serialized files (Serialized files now loaded: 0)
System memory in use before: 88.0 MB.
System memory in use after: 88.0 MB.

Unloading 12 unused Assets to reduce memory usage. Loaded Objects now: 2271.
Total: 3.491400 ms (FindLiveObjects: 0.231300 ms CreateObjectMapping: 0.115500 ms MarkObjects: 2.931400 ms  DeleteObjects: 0.210300 ms)

AssetImportParameters requested are different than current active one (requested -> active):
  custom:graphics/normal-map-encoding: 01000000000000000000000000000000 -> 02000000000000000000000000000000
========================================================================
Received Prepare
Registering precompiled user dll's ...
Registered in 0.001243 seconds.
Begin MonoManager ReloadAssembly
Native extension for WindowsStandalone target not found
Refreshing native plugins compatible for Editor in 0.51 ms, found 1 plugins.
Preloading 0 native plugins for Editor in 0.00 ms.
Invoked RoslynAnalysisRunner static constructor.
RoslynAnalysisRunner will not be running.
RoslynAnalysisRunner has terminated.
Mono: successfully reloaded assembly
- Completed reload, in  1.647 seconds
Platform modules already initialized, skipping
Switching build target platform(5) subTarget(0) extendedPlatform(0) -> platform(13) subTarget(537395200) extendedPlatform(0)
Refreshing native plugins compatible for Editor in 0.50 ms, found 1 plugins.
Preloading 0 native plugins for Editor in 0.00 ms.
Unloading 1797 Unused Serialized files (Serialized files now loaded: 0)
System memory in use before: 88.0 MB.
System memory in use after: 88.0 MB.

Unloading 12 unused Assets to reduce memory usage. Loaded Objects now: 2274.
Total: 3.386400 ms (FindLiveObjects: 0.267700 ms CreateObjectMapping: 0.121900 ms MarkObjects: 2.816500 ms  DeleteObjects: 0.177400 ms)

AssetImportParameters requested are different than current active one (requested -> active):
  custom:graphics/normal-map-encoding: 01000000000000000000000000000000 -> 02000000000000000000000000000000
AssetImportWorkerClient::OnTransportError - code=2 error=End of file
