Using pre-set license
Built from '2020.2/release' branch; Version is '2020.2.4f1 (becced5a802b) revision 12504301'; Using compiler version '192528614'; Build Type 'Release'
OS: 'Windows 10 Home; OS build 19042.804; Version 2009; 64bit' Language: 'ru' Physical Memory: 8092 MB
BatchMode: 1, IsHumanControllingUs: 0, StartBugReporterOnCrash: 0, Is64bit: 1, IsPro: 0

 COMMAND LINE ARGUMENTS:
C:\Program Files\Unity\Hub\Editor\2020.2.4f1\Editor\Unity.exe
-adb2
-batchMode
-noUpm
-name
AssetImportWorker5
-projectPath
D:/Unity Projects/Project A
-logFile
Logs/AssetImportWorker5.log
-srvPort
54212
Successfully changed project path to: D:/Unity Projects/Project A
D:/Unity Projects/Project A
Using Asset Import Pipeline V2.
Refreshing native plugins compatible for Editor in 925.36 ms, found 1 plugins.
Preloading 0 native plugins for Editor in 0.00 ms.
Initialize engine version: 2020.2.4f1 (becced5a802b)
[Subsystems] Discovering subsystems at path C:/Program Files/Unity/Hub/Editor/2020.2.4f1/Editor/Data/Resources/UnitySubsystems
[Subsystems] Discovering subsystems at path D:/Unity Projects/Project A/Assets
GfxDevice: creating device client; threaded=0
Direct3D:
    Version:  Direct3D 11.0 [level 11.0]
    Renderer: Intel(R) HD Graphics (ID=0x156)
    Vendor:   
    VRAM:     128 MB
    Driver:   10.18.10.4252
Initialize mono
Mono path[0] = 'C:/Program Files/Unity/Hub/Editor/2020.2.4f1/Editor/Data/Managed'
Mono path[1] = 'C:/Program Files/Unity/Hub/Editor/2020.2.4f1/Editor/Data/MonoBleedingEdge/lib/mono/unityjit'
Mono config path = 'C:/Program Files/Unity/Hub/Editor/2020.2.4f1/Editor/Data/MonoBleedingEdge/etc'
Using monoOptions --debugger-agent=transport=dt_socket,embedding=1,server=y,suspend=n,address=127.0.0.1:56412
Begin MonoManager ReloadAssembly
Registering precompiled unity dll's ...
Register platform support module: C:/Program Files/Unity/Hub/Editor/2020.2.4f1/Editor/Data/PlaybackEngines/WindowsStandaloneSupport/UnityEditor.WindowsStandalone.Extensions.dll
Registered in 0.003994 seconds.
Native extension for WindowsStandalone target not found
Refreshing native plugins compatible for Editor in 144.48 ms, found 1 plugins.
Preloading 0 native plugins for Editor in 0.00 ms.
Invoked RoslynAnalysisRunner static constructor.
RoslynAnalysisRunner will not be running.
RoslynAnalysisRunner has terminated.
Mono: successfully reloaded assembly
- Completed reload, in  6.463 seconds
Platform modules already initialized, skipping
Registering precompiled user dll's ...
Registered in 0.001218 seconds.
Begin MonoManager ReloadAssembly
Native extension for WindowsStandalone target not found
Refreshing native plugins compatible for Editor in 76.59 ms, found 1 plugins.
Preloading 0 native plugins for Editor in 0.00 ms.
Invoked RoslynAnalysisRunner static constructor.
RoslynAnalysisRunner will not be running.
RoslynAnalysisRunner has terminated.
Mono: successfully reloaded assembly
- Completed reload, in  4.059 seconds
Platform modules already initialized, skipping
========================================================================
Worker process is ready to serve import requests
Launched and connected shader compiler UnityShaderCompiler.exe after 0.08 seconds
Refreshing native plugins compatible for Editor in 0.51 ms, found 1 plugins.
Preloading 0 native plugins for Editor in 0.00 ms.
Unloading 1799 Unused Serialized files (Serialized files now loaded: 0)
System memory in use before: 84.7 MB.
System memory in use after: 84.6 MB.

Unloading 24 unused Assets to reduce memory usage. Loaded Objects now: 2241.
Total: 3.340300 ms (FindLiveObjects: 0.237400 ms CreateObjectMapping: 0.107200 ms MarkObjects: 2.744600 ms  DeleteObjects: 0.247700 ms)

========================================================================
Received Import Request.
  path: Assets/Scripts/SpawnManager.cs
  artifactKey: Guid(f6200b8698adad648a021f2e75aeb11f) Importer(815301076,1909f56bfc062723c751e8b465ee728b)
Start importing Assets/Scripts/SpawnManager.cs using Guid(f6200b8698adad648a021f2e75aeb11f) Importer(815301076,1909f56bfc062723c751e8b465ee728b)  -> (artifact id: '82dc1c26e3baeab02fcf603ba3c2927b') in 0.053665 seconds
  Import took 0.058264 seconds .

========================================================================
Received Import Request.
  Time since last request: 0.000082 seconds.
  path: Assets/Sprites/Textures
  artifactKey: Guid(efa6ef058f3ed524aa1a514748e1a891) Importer(815301076,1909f56bfc062723c751e8b465ee728b)
Start importing Assets/Sprites/Textures using Guid(efa6ef058f3ed524aa1a514748e1a891) Importer(815301076,1909f56bfc062723c751e8b465ee728b)  -> (artifact id: 'b345794894d38f35f0798410bbfa78cd') in 0.011151 seconds
  Import took 0.015944 seconds .

========================================================================
Received Prepare
Registering precompiled user dll's ...
Registered in 0.001377 seconds.
Begin MonoManager ReloadAssembly
Native extension for WindowsStandalone target not found
Refreshing native plugins compatible for Editor in 0.52 ms, found 1 plugins.
Preloading 0 native plugins for Editor in 0.00 ms.
Invoked RoslynAnalysisRunner static constructor.
RoslynAnalysisRunner will not be running.
RoslynAnalysisRunner has terminated.
Mono: successfully reloaded assembly
- Completed reload, in  2.233 seconds
Platform modules already initialized, skipping
Switching build target platform(5) subTarget(0) extendedPlatform(0) -> platform(13) subTarget(537395200) extendedPlatform(0)
Refreshing native plugins compatible for Editor in 0.71 ms, found 1 plugins.
Preloading 0 native plugins for Editor in 0.00 ms.
Unloading 1797 Unused Serialized files (Serialized files now loaded: 0)
System memory in use before: 84.6 MB.
System memory in use after: 84.6 MB.

Unloading 12 unused Assets to reduce memory usage. Loaded Objects now: 2244.
Total: 5.588100 ms (FindLiveObjects: 0.233700 ms CreateObjectMapping: 0.129500 ms MarkObjects: 5.039900 ms  DeleteObjects: 0.181800 ms)

AssetImportParameters requested are different than current active one (requested -> active):
  custom:graphics/normal-map-encoding: 01000000000000000000000000000000 -> 02000000000000000000000000000000
========================================================================
Received Import Request.
  Time since last request: 406.400043 seconds.
  path: Assets/Prefabs/AstPref3.prefab
  artifactKey: Guid(3530be481c191ac4fac6779d2fdd990f) Importer(815301076,1909f56bfc062723c751e8b465ee728b)
Start importing Assets/Prefabs/AstPref3.prefab using Guid(3530be481c191ac4fac6779d2fdd990f) Importer(815301076,1909f56bfc062723c751e8b465ee728b)  -> (artifact id: 'a37319c4ad514224db25ff3cff9599e9') in 0.312618 seconds
  Import took 0.398482 seconds .

========================================================================
Received Import Request.
  Time since last request: 2.657620 seconds.
  path: Assets/Sprites/Textures/AstPref2.png
  artifactKey: Guid(c97a25fa6ccb5f64b98ff8aafd6fb166) Importer(815301076,1909f56bfc062723c751e8b465ee728b)
Start importing Assets/Sprites/Textures/AstPref2.png using Guid(c97a25fa6ccb5f64b98ff8aafd6fb166) Importer(815301076,1909f56bfc062723c751e8b465ee728b)  -> (artifact id: 'e0cc3caf250210e67c3d4127b6658768') in 0.201011 seconds
  Import took 0.206378 seconds .

========================================================================
Received Import Request.
  Time since last request: 27.045702 seconds.
  path: Assets/Prefabs/AstPref4.prefab
  artifactKey: Guid(5378cf4c9aed5da4b834a7a65a7d49f2) Importer(815301076,1909f56bfc062723c751e8b465ee728b)
Start importing Assets/Prefabs/AstPref4.prefab using Guid(5378cf4c9aed5da4b834a7a65a7d49f2) Importer(815301076,1909f56bfc062723c751e8b465ee728b)  -> (artifact id: 'e3c16b8d852ddac98ba175e3f30cf01f') in 0.072288 seconds
  Import took 0.078685 seconds .

========================================================================
Received Import Request.
  Time since last request: 0.005952 seconds.
  path: Assets/Prefabs/AstPref4.prefab
  artifactKey: Guid(5378cf4c9aed5da4b834a7a65a7d49f2) Importer(815301076,1909f56bfc062723c751e8b465ee728b)
Start importing Assets/Prefabs/AstPref4.prefab using Guid(5378cf4c9aed5da4b834a7a65a7d49f2) Importer(815301076,1909f56bfc062723c751e8b465ee728b)  -> (artifact id: 'e3c16b8d852ddac98ba175e3f30cf01f') in 0.113634 seconds
  Import took 0.120482 seconds .

========================================================================
Received Import Request.
  Time since last request: 64.235497 seconds.
  path: Assets/Prefabs/AstSharpPref1.prefab
  artifactKey: Guid(b77f1e570d1ceb242babceb7eb84804a) Importer(815301076,1909f56bfc062723c751e8b465ee728b)
Start importing Assets/Prefabs/AstSharpPref1.prefab using Guid(b77f1e570d1ceb242babceb7eb84804a) Importer(815301076,1909f56bfc062723c751e8b465ee728b)  -> (artifact id: '77752a7ff95ea1120cc4495ff31fddad') in 0.078170 seconds
  Import took 0.084516 seconds .

========================================================================
Received Import Request.
  Time since last request: 0.019867 seconds.
  path: Assets/Prefabs/AstSharpPref1.prefab
  artifactKey: Guid(b77f1e570d1ceb242babceb7eb84804a) Importer(815301076,1909f56bfc062723c751e8b465ee728b)
Start importing Assets/Prefabs/AstSharpPref1.prefab using Guid(b77f1e570d1ceb242babceb7eb84804a) Importer(815301076,1909f56bfc062723c751e8b465ee728b)  -> (artifact id: '77752a7ff95ea1120cc4495ff31fddad') in 0.072485 seconds
  Import took 0.082614 seconds .

========================================================================
Received Prepare
Registering precompiled user dll's ...
Registered in 0.001262 seconds.
Begin MonoManager ReloadAssembly
Native extension for WindowsStandalone target not found
Refreshing native plugins compatible for Editor in 0.59 ms, found 1 plugins.
Preloading 0 native plugins for Editor in 0.00 ms.
Invoked RoslynAnalysisRunner static constructor.
RoslynAnalysisRunner will not be running.
RoslynAnalysisRunner has terminated.
Mono: successfully reloaded assembly
- Completed reload, in  3.525 seconds
Platform modules already initialized, skipping
Switching build target platform(5) subTarget(0) extendedPlatform(0) -> platform(13) subTarget(537395200) extendedPlatform(0)
Refreshing native plugins compatible for Editor in 0.51 ms, found 1 plugins.
Preloading 0 native plugins for Editor in 0.00 ms.
Unloading 1797 Unused Serialized files (Serialized files now loaded: 0)
System memory in use before: 87.8 MB.
System memory in use after: 87.8 MB.

Unloading 12 unused Assets to reduce memory usage. Loaded Objects now: 2256.
Total: 4.321700 ms (FindLiveObjects: 0.308400 ms CreateObjectMapping: 0.213700 ms MarkObjects: 3.610900 ms  DeleteObjects: 0.185400 ms)

AssetImportParameters requested are different than current active one (requested -> active):
  custom:graphics/normal-map-encoding: 01000000000000000000000000000000 -> 02000000000000000000000000000000
========================================================================
Received Prepare
Registering precompiled user dll's ...
Registered in 0.002230 seconds.
Begin MonoManager ReloadAssembly
Native extension for WindowsStandalone target not found
Refreshing native plugins compatible for Editor in 0.53 ms, found 1 plugins.
Preloading 0 native plugins for Editor in 0.00 ms.
Invoked RoslynAnalysisRunner static constructor.
RoslynAnalysisRunner will not be running.
RoslynAnalysisRunner has terminated.
Mono: successfully reloaded assembly
- Completed reload, in  1.758 seconds
Platform modules already initialized, skipping
Switching build target platform(5) subTarget(0) extendedPlatform(0) -> platform(13) subTarget(537395200) extendedPlatform(0)
Refreshing native plugins compatible for Editor in 0.51 ms, found 1 plugins.
Preloading 0 native plugins for Editor in 0.00 ms.
Unloading 1797 Unused Serialized files (Serialized files now loaded: 0)
System memory in use before: 87.8 MB.
System memory in use after: 87.8 MB.

Unloading 12 unused Assets to reduce memory usage. Loaded Objects now: 2259.
Total: 3.112200 ms (FindLiveObjects: 0.263400 ms CreateObjectMapping: 0.110300 ms MarkObjects: 2.569100 ms  DeleteObjects: 0.167000 ms)

AssetImportParameters requested are different than current active one (requested -> active):
  custom:graphics/normal-map-encoding: 01000000000000000000000000000000 -> 02000000000000000000000000000000
========================================================================
Received Import Request.
  Time since last request: 107.749881 seconds.
  path: Assets/Prefabs/AstPref1.prefab
  artifactKey: Guid(f02ce5ccd80d4794dad960ea8b366b5d) Importer(815301076,1909f56bfc062723c751e8b465ee728b)
Start importing Assets/Prefabs/AstPref1.prefab using Guid(f02ce5ccd80d4794dad960ea8b366b5d) Importer(815301076,1909f56bfc062723c751e8b465ee728b)  -> (artifact id: '1e33936e8a216e274f5e360432511615') in 0.351385 seconds
  Import took 0.358616 seconds .

========================================================================
Received Import Request.
  Time since last request: 3.156655 seconds.
  path: Assets/Prefabs/AstPref2.prefab
  artifactKey: Guid(717eae92129ae7a4f8857b5f51f9ba99) Importer(815301076,1909f56bfc062723c751e8b465ee728b)
Start importing Assets/Prefabs/AstPref2.prefab using Guid(717eae92129ae7a4f8857b5f51f9ba99) Importer(815301076,1909f56bfc062723c751e8b465ee728b)  -> (artifact id: 'adba267d91867f8ce404a06900117371') in 0.066474 seconds
  Import took 0.071522 seconds .

========================================================================
Received Import Request.
  Time since last request: 0.006065 seconds.
  path: Assets/Prefabs/AstPref2.prefab
  artifactKey: Guid(717eae92129ae7a4f8857b5f51f9ba99) Importer(815301076,1909f56bfc062723c751e8b465ee728b)
Start importing Assets/Prefabs/AstPref2.prefab using Guid(717eae92129ae7a4f8857b5f51f9ba99) Importer(815301076,1909f56bfc062723c751e8b465ee728b)  -> (artifact id: 'adba267d91867f8ce404a06900117371') in 0.105625 seconds
  Import took 0.122621 seconds .

========================================================================
Received Prepare
Registering precompiled user dll's ...
Registered in 0.001282 seconds.
Begin MonoManager ReloadAssembly
Native extension for WindowsStandalone target not found
Refreshing native plugins compatible for Editor in 0.52 ms, found 1 plugins.
Preloading 0 native plugins for Editor in 0.00 ms.
Invoked RoslynAnalysisRunner static constructor.
RoslynAnalysisRunner will not be running.
RoslynAnalysisRunner has terminated.
Mono: successfully reloaded assembly
- Completed reload, in  1.973 seconds
Platform modules already initialized, skipping
Switching build target platform(5) subTarget(0) extendedPlatform(0) -> platform(13) subTarget(537395200) extendedPlatform(0)
Refreshing native plugins compatible for Editor in 0.50 ms, found 1 plugins.
Preloading 0 native plugins for Editor in 0.00 ms.
Unloading 1797 Unused Serialized files (Serialized files now loaded: 0)
System memory in use before: 87.9 MB.
System memory in use after: 87.9 MB.

Unloading 12 unused Assets to reduce memory usage. Loaded Objects now: 2263.
Total: 3.858600 ms (FindLiveObjects: 0.714900 ms CreateObjectMapping: 0.270200 ms MarkObjects: 2.695400 ms  DeleteObjects: 0.175400 ms)

AssetImportParameters requested are different than current active one (requested -> active):
  custom:graphics/normal-map-encoding: 01000000000000000000000000000000 -> 02000000000000000000000000000000
========================================================================
Received Import Request.
  Time since last request: 7.052992 seconds.
  path: Assets/Prefabs/AstSharpPref1.prefab
  artifactKey: Guid(b77f1e570d1ceb242babceb7eb84804a) Importer(815301076,1909f56bfc062723c751e8b465ee728b)
Start importing Assets/Prefabs/AstSharpPref1.prefab using Guid(b77f1e570d1ceb242babceb7eb84804a) Importer(815301076,1909f56bfc062723c751e8b465ee728b)  -> (artifact id: '5293f2b909a620ead23c9f70df7a6556') in 0.120877 seconds
  Import took 0.125838 seconds .

========================================================================
Received Prepare
Registering precompiled user dll's ...
Registered in 0.001156 seconds.
Begin MonoManager ReloadAssembly
Native extension for WindowsStandalone target not found
Refreshing native plugins compatible for Editor in 0.57 ms, found 1 plugins.
Preloading 0 native plugins for Editor in 0.00 ms.
Invoked RoslynAnalysisRunner static constructor.
RoslynAnalysisRunner will not be running.
RoslynAnalysisRunner has terminated.
Mono: successfully reloaded assembly
- Completed reload, in  2.696 seconds
Platform modules already initialized, skipping
Switching build target platform(5) subTarget(0) extendedPlatform(0) -> platform(13) subTarget(537395200) extendedPlatform(0)
Refreshing native plugins compatible for Editor in 1.36 ms, found 1 plugins.
Preloading 0 native plugins for Editor in 0.00 ms.
Unloading 1797 Unused Serialized files (Serialized files now loaded: 0)
System memory in use before: 87.9 MB.
System memory in use after: 87.9 MB.

Unloading 12 unused Assets to reduce memory usage. Loaded Objects now: 2267.
Total: 6.154700 ms (FindLiveObjects: 0.381700 ms CreateObjectMapping: 0.214000 ms MarkObjects: 5.366400 ms  DeleteObjects: 0.189500 ms)

AssetImportParameters requested are different than current active one (requested -> active):
  custom:graphics/normal-map-encoding: 01000000000000000000000000000000 -> 02000000000000000000000000000000
========================================================================
Received Prepare
Registering precompiled user dll's ...
Registered in 0.003355 seconds.
Begin MonoManager ReloadAssembly
Native extension for WindowsStandalone target not found
Refreshing native plugins compatible for Editor in 0.53 ms, found 1 plugins.
Preloading 0 native plugins for Editor in 0.00 ms.
Invoked RoslynAnalysisRunner static constructor.
RoslynAnalysisRunner will not be running.
RoslynAnalysisRunner has terminated.
Mono: successfully reloaded assembly
- Completed reload, in  3.076 seconds
Platform modules already initialized, skipping
Switching build target platform(5) subTarget(0) extendedPlatform(0) -> platform(13) subTarget(537395200) extendedPlatform(0)
Refreshing native plugins compatible for Editor in 0.52 ms, found 1 plugins.
Preloading 0 native plugins for Editor in 0.00 ms.
Unloading 1797 Unused Serialized files (Serialized files now loaded: 0)
System memory in use before: 87.9 MB.
System memory in use after: 87.9 MB.

Unloading 12 unused Assets to reduce memory usage. Loaded Objects now: 2270.
Total: 4.262700 ms (FindLiveObjects: 0.544500 ms CreateObjectMapping: 0.210200 ms MarkObjects: 3.329200 ms  DeleteObjects: 0.175900 ms)

AssetImportParameters requested are different than current active one (requested -> active):
  custom:graphics/normal-map-encoding: 01000000000000000000000000000000 -> 02000000000000000000000000000000
========================================================================
Received Prepare
Registering precompiled user dll's ...
Registered in 0.001232 seconds.
Begin MonoManager ReloadAssembly
Native extension for WindowsStandalone target not found
Refreshing native plugins compatible for Editor in 0.51 ms, found 1 plugins.
Preloading 0 native plugins for Editor in 0.00 ms.
Invoked RoslynAnalysisRunner static constructor.
RoslynAnalysisRunner will not be running.
RoslynAnalysisRunner has terminated.
Mono: successfully reloaded assembly
- Completed reload, in  1.766 seconds
Platform modules already initialized, skipping
Switching build target platform(5) subTarget(0) extendedPlatform(0) -> platform(13) subTarget(537395200) extendedPlatform(0)
Refreshing native plugins compatible for Editor in 0.51 ms, found 1 plugins.
Preloading 0 native plugins for Editor in 0.00 ms.
Unloading 1797 Unused Serialized files (Serialized files now loaded: 0)
System memory in use before: 87.9 MB.
System memory in use after: 87.9 MB.

Unloading 12 unused Assets to reduce memory usage. Loaded Objects now: 2273.
Total: 3.321300 ms (FindLiveObjects: 0.267000 ms CreateObjectMapping: 0.157300 ms MarkObjects: 2.721400 ms  DeleteObjects: 0.172800 ms)

AssetImportParameters requested are different than current active one (requested -> active):
  custom:graphics/normal-map-encoding: 01000000000000000000000000000000 -> 02000000000000000000000000000000
========================================================================
Received Prepare
Registering precompiled user dll's ...
Registered in 0.001393 seconds.
Begin MonoManager ReloadAssembly
Native extension for WindowsStandalone target not found
Refreshing native plugins compatible for Editor in 0.53 ms, found 1 plugins.
Preloading 0 native plugins for Editor in 0.00 ms.
Invoked RoslynAnalysisRunner static constructor.
RoslynAnalysisRunner will not be running.
RoslynAnalysisRunner has terminated.
Mono: successfully reloaded assembly
- Completed reload, in  2.419 seconds
Platform modules already initialized, skipping
Switching build target platform(5) subTarget(0) extendedPlatform(0) -> platform(13) subTarget(537395200) extendedPlatform(0)
Refreshing native plugins compatible for Editor in 0.51 ms, found 1 plugins.
Preloading 0 native plugins for Editor in 0.00 ms.
Unloading 1797 Unused Serialized files (Serialized files now loaded: 0)
System memory in use before: 87.9 MB.
System memory in use after: 87.9 MB.

Unloading 12 unused Assets to reduce memory usage. Loaded Objects now: 2276.
Total: 4.109500 ms (FindLiveObjects: 1.112100 ms CreateObjectMapping: 0.191600 ms MarkObjects: 2.631900 ms  DeleteObjects: 0.171400 ms)

AssetImportParameters requested are different than current active one (requested -> active):
  custom:graphics/normal-map-encoding: 01000000000000000000000000000000 -> 02000000000000000000000000000000
========================================================================
Received Import Request.
  Time since last request: 385.027738 seconds.
  path: Assets/Prefabs/AstPref3.prefab
  artifactKey: Guid(3530be481c191ac4fac6779d2fdd990f) Importer(815301076,1909f56bfc062723c751e8b465ee728b)
Start importing Assets/Prefabs/AstPref3.prefab using Guid(3530be481c191ac4fac6779d2fdd990f) Importer(815301076,1909f56bfc062723c751e8b465ee728b)  -> (artifact id: '17aa6d9686285478c225ab0cefa51bc3') in 0.325402 seconds
  Import took 0.332630 seconds .

========================================================================
Received Import Request.
  Time since last request: 4.524048 seconds.
  path: Assets/Prefabs/AstPref1.prefab
  artifactKey: Guid(f02ce5ccd80d4794dad960ea8b366b5d) Importer(815301076,1909f56bfc062723c751e8b465ee728b)
Start importing Assets/Prefabs/AstPref1.prefab using Guid(f02ce5ccd80d4794dad960ea8b366b5d) Importer(815301076,1909f56bfc062723c751e8b465ee728b)  -> (artifact id: '3565fa62328925d3babddee0c3c91b87') in 0.246880 seconds
  Import took 0.259536 seconds .

========================================================================
Received Import Request.
  Time since last request: 2.834138 seconds.
  path: Assets/Prefabs/AstPref2.prefab
  artifactKey: Guid(717eae92129ae7a4f8857b5f51f9ba99) Importer(815301076,1909f56bfc062723c751e8b465ee728b)
Start importing Assets/Prefabs/AstPref2.prefab using Guid(717eae92129ae7a4f8857b5f51f9ba99) Importer(815301076,1909f56bfc062723c751e8b465ee728b)  -> (artifact id: 'ee313635feb7a826bd1fb2b7787367ad') in 0.094563 seconds
  Import took 0.104128 seconds .

========================================================================
Received Import Request.
  Time since last request: 3.889300 seconds.
  path: Assets/Prefabs/AstPref4.prefab
  artifactKey: Guid(5378cf4c9aed5da4b834a7a65a7d49f2) Importer(815301076,1909f56bfc062723c751e8b465ee728b)
Start importing Assets/Prefabs/AstPref4.prefab using Guid(5378cf4c9aed5da4b834a7a65a7d49f2) Importer(815301076,1909f56bfc062723c751e8b465ee728b)  -> (artifact id: 'f3d30f7a4d24361a7acd8a7d359ce4e4') in 0.145680 seconds
  Import took 0.159825 seconds .

