Using pre-set license
Built from '2020.2/staging' branch; Version is '2020.2.5f1 (e2c53f129de5) revision 14861631'; Using compiler version '192528614'; Build Type 'Release'
OS: 'Windows 10 Home; OS build 19042.804; Version 2009; 64bit' Language: 'ru' Physical Memory: 8092 MB
BatchMode: 1, IsHumanControllingUs: 0, StartBugReporterOnCrash: 0, Is64bit: 1, IsPro: 0

 COMMAND LINE ARGUMENTS:
C:\Program Files\Unity\Hub\Editor\2020.2.5f1\Editor\Unity.exe
-adb2
-batchMode
-noUpm
-name
AssetImportWorker0
-projectPath
C:/Unity Projects/Project-A2D
-logFile
Logs/AssetImportWorker0.log
-srvPort
59041
Successfully changed project path to: C:/Unity Projects/Project-A2D
C:/Unity Projects/Project-A2D
Using Asset Import Pipeline V2.
Refreshing native plugins compatible for Editor in 196.40 ms, found 1 plugins.
Preloading 0 native plugins for Editor in 0.00 ms.
Initialize engine version: 2020.2.5f1 (e2c53f129de5)
[Subsystems] Discovering subsystems at path C:/Program Files/Unity/Hub/Editor/2020.2.5f1/Editor/Data/Resources/UnitySubsystems
[Subsystems] Discovering subsystems at path C:/Unity Projects/Project-A2D/Assets
GfxDevice: creating device client; threaded=0
Direct3D:
    Version:  Direct3D 11.0 [level 11.0]
    Renderer: Intel(R) HD Graphics (ID=0x156)
    Vendor:   
    VRAM:     128 MB
    Driver:   10.18.10.4252
Shader 'Universal Render Pipeline/Particles/Lit': fallback shader 'Universal Render Pipeline/Particles/SimpleLit' not found
Initialize mono
Mono path[0] = 'C:/Program Files/Unity/Hub/Editor/2020.2.5f1/Editor/Data/Managed'
Mono path[1] = 'C:/Program Files/Unity/Hub/Editor/2020.2.5f1/Editor/Data/MonoBleedingEdge/lib/mono/unityjit'
Mono config path = 'C:/Program Files/Unity/Hub/Editor/2020.2.5f1/Editor/Data/MonoBleedingEdge/etc'
Using monoOptions --debugger-agent=transport=dt_socket,embedding=1,server=y,suspend=n,address=127.0.0.1:56788
Begin MonoManager ReloadAssembly
Registering precompiled unity dll's ...
Register platform support module: C:/Program Files/Unity/Hub/Editor/2020.2.5f1/Editor/Data/PlaybackEngines/WindowsStandaloneSupport/UnityEditor.WindowsStandalone.Extensions.dll
Registered in 0.004457 seconds.
Native extension for WindowsStandalone target not found
Refreshing native plugins compatible for Editor in 144.54 ms, found 1 plugins.
Preloading 0 native plugins for Editor in 0.00 ms.
Invoked RoslynAnalysisRunner static constructor.
RoslynAnalysisRunner will not be running.
RoslynAnalysisRunner has terminated.
Mono: successfully reloaded assembly
- Completed reload, in  4.810 seconds
Platform modules already initialized, skipping
Registering precompiled user dll's ...
Registered in 0.003885 seconds.
Begin MonoManager ReloadAssembly
Native extension for WindowsStandalone target not found
Refreshing native plugins compatible for Editor in 135.97 ms, found 1 plugins.
Preloading 0 native plugins for Editor in 0.00 ms.
Invoked RoslynAnalysisRunner static constructor.
RoslynAnalysisRunner will not be running.
RoslynAnalysisRunner has terminated.
Mono: successfully reloaded assembly
- Completed reload, in  2.492 seconds
Platform modules already initialized, skipping
========================================================================
Worker process is ready to serve import requests
Shader 'Universal Render Pipeline/Particles/Lit': fallback shader 'Universal Render Pipeline/Particles/SimpleLit' not found
Launched and connected shader compiler UnityShaderCompiler.exe after 0.09 seconds
Refreshing native plugins compatible for Editor in 4.55 ms, found 1 plugins.
Preloading 0 native plugins for Editor in 0.00 ms.
Unloading 2939 Unused Serialized files (Serialized files now loaded: 0)
System memory in use before: 127.3 MB.
System memory in use after: 127.5 MB.

Unloading 20 unused Assets to reduce memory usage. Loaded Objects now: 3386.
Total: 4.194100 ms (FindLiveObjects: 0.402100 ms CreateObjectMapping: 0.339300 ms MarkObjects: 3.338500 ms  DeleteObjects: 0.111300 ms)

========================================================================
Received Import Request.
  path: Assets/Scripts/Background.cs
  artifactKey: Guid(e419f2f077d8fb54297fd0ddefcf1e65) Importer(815301076,1909f56bfc062723c751e8b465ee728b)
Start importing Assets/Scripts/Background.cs using Guid(e419f2f077d8fb54297fd0ddefcf1e65) Importer(815301076,1909f56bfc062723c751e8b465ee728b)  -> (artifact id: '608340fba744f67a7d02d285b1f161e9') in 0.135854 seconds
  Import took 0.149364 seconds .

========================================================================
Received Import Request.
  Time since last request: 3.210512 seconds.
  path: Assets/Sprites/BackGround/background.jpg
  artifactKey: Guid(2c38140539faa91489eb12acc02f3642) Importer(815301076,1909f56bfc062723c751e8b465ee728b)
Start importing Assets/Sprites/BackGround/background.jpg using Guid(2c38140539faa91489eb12acc02f3642) Importer(815301076,1909f56bfc062723c751e8b465ee728b)  -> (artifact id: '342e2f444c2ae366cfd43ac4f0f06126') in 0.470805 seconds
  Import took 0.485805 seconds .

========================================================================
Received Import Request.
  Time since last request: 0.000409 seconds.
  path: Assets/Sprites
  artifactKey: Guid(06af1a2e4d307b945a39b917fa23ded0) Importer(815301076,1909f56bfc062723c751e8b465ee728b)
Start importing Assets/Sprites using Guid(06af1a2e4d307b945a39b917fa23ded0) Importer(815301076,1909f56bfc062723c751e8b465ee728b)  -> (artifact id: 'b3a6da9b1ff411ca1d5cc7c63d48a1aa') in 0.014522 seconds
  Import took 0.024225 seconds .

========================================================================
Received Prepare
Registering precompiled user dll's ...
Registered in 0.005963 seconds.
Begin MonoManager ReloadAssembly
Native extension for WindowsStandalone target not found
Refreshing native plugins compatible for Editor in 2.03 ms, found 1 plugins.
Preloading 0 native plugins for Editor in 0.00 ms.
Invoked RoslynAnalysisRunner static constructor.
RoslynAnalysisRunner will not be running.
RoslynAnalysisRunner has terminated.
Mono: successfully reloaded assembly
- Completed reload, in  3.014 seconds
Platform modules already initialized, skipping
Switching build target platform(5) subTarget(0) extendedPlatform(0) -> platform(13) subTarget(537395200) extendedPlatform(0)
Shader 'Universal Render Pipeline/Particles/Lit': fallback shader 'Universal Render Pipeline/Particles/SimpleLit' not found
Refreshing native plugins compatible for Editor in 2.14 ms, found 1 plugins.
Preloading 0 native plugins for Editor in 0.00 ms.
Unloading 2828 Unused Serialized files (Serialized files now loaded: 0)
System memory in use before: 124.0 MB.
System memory in use after: 124.2 MB.

Unloading 8 unused Assets to reduce memory usage. Loaded Objects now: 3395.
Total: 5.887200 ms (FindLiveObjects: 0.375600 ms CreateObjectMapping: 1.679300 ms MarkObjects: 3.798800 ms  DeleteObjects: 0.030500 ms)

AssetImportParameters requested are different than current active one (requested -> active):
  custom:graphics/normal-map-encoding: 01000000000000000000000000000000 -> 02000000000000000000000000000000
========================================================================
Received Import Request.
  Time since last request: 40.242212 seconds.
  path: Assets/Sprites/Textures/AstPref4.png
  artifactKey: Guid(d96c9c26d05d1ae488a69ca61f50c521) Importer(815301076,1909f56bfc062723c751e8b465ee728b)
Start importing Assets/Sprites/Textures/AstPref4.png using Guid(d96c9c26d05d1ae488a69ca61f50c521) Importer(815301076,1909f56bfc062723c751e8b465ee728b)  -> (artifact id: '6cb921d981a71d4cf10d0834484e3947') in 5.447874 seconds
  Import took 5.535648 seconds .

========================================================================
Received Import Request.
  Time since last request: 0.083980 seconds.
  path: Assets/Scenes
  artifactKey: Guid(2ff58bf1d9299aa4cb36ba42360461f5) Importer(815301076,1909f56bfc062723c751e8b465ee728b)
Start importing Assets/Scenes using Guid(2ff58bf1d9299aa4cb36ba42360461f5) Importer(815301076,1909f56bfc062723c751e8b465ee728b)  -> (artifact id: '914956d2c6d793f72ecc3b587e640e14') in 0.030050 seconds
  Import took 0.130952 seconds .

========================================================================
Received Import Request.
  Time since last request: 27.907435 seconds.
  path: Assets/Scenes/Asteroids.unity
  artifactKey: Guid(0caa92d6b7c2f4149a14bc7054bf4a21) Importer(815301076,1909f56bfc062723c751e8b465ee728b)
Start importing Assets/Scenes/Asteroids.unity using Guid(0caa92d6b7c2f4149a14bc7054bf4a21) Importer(815301076,1909f56bfc062723c751e8b465ee728b)  -> (artifact id: '7e55767b3bed95c70efe7528686e91f7') in 12.834344 seconds
  Import took 13.171219 seconds .

AssetImportWorkerClient::OnTransportError - code=2 error=End of file
